Using pre-set license
Built from '2022.3/staging' branch; Version is '2022.3.15f1 (b58023a2b463) revision 11894819'; Using compiler version '192829333'; Build Type 'Release'
OS: 'Windows 11  (10.0.22631) 64bit Professional' Language: 'en' Physical Memory: 16197 MB
BatchMode: 1, IsHumanControllingUs: 0, StartBugReporterOnCrash: 0, Is64bit: 1, IsPro: 1

COMMAND LINE ARGUMENTS:
C:\Program Files\Unity\Hub\Editor\2022.3.15f1\Editor\Unity.exe
-adb2
-batchMode
-noUpm
-name
AssetImportWorker1
-projectPath
C:/Users/User/lab/kev/Lab3TeleportKevin
-logFile
Logs/AssetImportWorker1.log
-srvPort
53259
Successfully changed project path to: C:/Users/User/lab/kev/Lab3TeleportKevin
C:/Users/User/lab/kev/Lab3TeleportKevin
[UnityMemory] Configuration Parameters - Can be set up in boot.config
    "memorysetup-bucket-allocator-granularity=16"
    "memorysetup-bucket-allocator-bucket-count=8"
    "memorysetup-bucket-allocator-block-size=33554432"
    "memorysetup-bucket-allocator-block-count=8"
    "memorysetup-main-allocator-block-size=16777216"
    "memorysetup-thread-allocator-block-size=16777216"
    "memorysetup-gfx-main-allocator-block-size=16777216"
    "memorysetup-gfx-thread-allocator-block-size=16777216"
    "memorysetup-cache-allocator-block-size=4194304"
    "memorysetup-typetree-allocator-block-size=2097152"
    "memorysetup-profiler-bucket-allocator-granularity=16"
    "memorysetup-profiler-bucket-allocator-bucket-count=8"
    "memorysetup-profiler-bucket-allocator-block-size=33554432"
    "memorysetup-profiler-bucket-allocator-block-count=8"
    "memorysetup-profiler-allocator-block-size=16777216"
    "memorysetup-profiler-editor-allocator-block-size=1048576"
    "memorysetup-temp-allocator-size-main=16777216"
    "memorysetup-job-temp-allocator-block-size=2097152"
    "memorysetup-job-temp-allocator-block-size-background=1048576"
    "memorysetup-job-temp-allocator-reduction-small-platforms=262144"
    "memorysetup-allocator-temp-initial-block-size-main=262144"
    "memorysetup-allocator-temp-initial-block-size-worker=262144"
    "memorysetup-temp-allocator-size-background-worker=32768"
    "memorysetup-temp-allocator-size-job-worker=262144"
    "memorysetup-temp-allocator-size-preload-manager=33554432"
    "memorysetup-temp-allocator-size-nav-mesh-worker=65536"
    "memorysetup-temp-allocator-size-audio-worker=65536"
    "memorysetup-temp-allocator-size-cloud-worker=32768"
    "memorysetup-temp-allocator-size-gi-baking-worker=262144"
    "memorysetup-temp-allocator-size-gfx=262144"
Player connection [2944] Host "[IP] 192.168.51.6 [Port] 0 [Flags] 2 [Guid] 1880400032 [EditorId] 1880400032 [Version] 1048832 [Id] WindowsEditor(7,VCL-06) [Debug] 1 [PackageName] WindowsEditor [ProjectName] Editor" joined multi-casting on [225.0.0.222:54997]...

Player connection [2944] Host "[IP] 192.168.51.6 [Port] 0 [Flags] 2 [Guid] 1880400032 [EditorId] 1880400032 [Version] 1048832 [Id] WindowsEditor(7,VCL-06) [Debug] 1 [PackageName] WindowsEditor [ProjectName] Editor" joined alternative multi-casting on [225.0.0.222:34997]...

[Physics::Module] Initialized MultithreadedJobDispatcher with 11 workers.
Refreshing native plugins compatible for Editor in 1413.73 ms, found 6 plugins.
Preloading 0 native plugins for Editor in 0.00 ms.
Initialize engine version: 2022.3.15f1 (b58023a2b463)
[Subsystems] Discovering subsystems at path C:/Program Files/Unity/Hub/Editor/2022.3.15f1/Editor/Data/Resources/UnitySubsystems
[Subsystems] Discovering subsystems at path C:/Users/User/lab/kev/Lab3TeleportKevin/Assets
GfxDevice: creating device client; threaded=0; jobified=0
Direct3D:
    Version:  Direct3D 11.0 [level 11.1]
    Renderer: NVIDIA GeForce RTX 3060 Ti (ID=0x2489)
    Vendor:   NVIDIA
    VRAM:     8038 MB
    Driver:   31.0.15.3699
Initialize mono
Mono path[0] = 'C:/Program Files/Unity/Hub/Editor/2022.3.15f1/Editor/Data/Managed'
Mono path[1] = 'C:/Program Files/Unity/Hub/Editor/2022.3.15f1/Editor/Data/MonoBleedingEdge/lib/mono/unityjit-win32'
Mono config path = 'C:/Program Files/Unity/Hub/Editor/2022.3.15f1/Editor/Data/MonoBleedingEdge/etc'
Using monoOptions --debugger-agent=transport=dt_socket,embedding=1,server=y,suspend=n,address=127.0.0.1:56572
Begin MonoManager ReloadAssembly
Registering precompiled unity dll's ...
Register platform support module: C:/Program Files/Unity/Hub/Editor/2022.3.15f1/Editor/Data/PlaybackEngines/WebGLSupport/UnityEditor.WebGL.Extensions.dll
Register platform support module: C:/Program Files/Unity/Hub/Editor/2022.3.15f1/Editor/Data/PlaybackEngines/WindowsStandaloneSupport/UnityEditor.WindowsStandalone.Extensions.dll
Registered in 0.162343 seconds.
- Loaded All Assemblies, in  5.160 seconds
Native extension for WindowsStandalone target not found
Native extension for WebGL target not found
Mono: successfully reloaded assembly
- Finished resetting the current domain, in  0.267 seconds
Domain Reload Profiling: 5425ms
	BeginReloadAssembly (3745ms)
		ExecutionOrderSort (0ms)
		DisableScriptedObjects (0ms)
		BackupInstance (0ms)
		ReleaseScriptingObjects (0ms)
		CreateAndSetChildDomain (1ms)
	RebuildCommonClasses (330ms)
	RebuildNativeTypeToScriptingClass (9ms)
	initialDomainReloadingComplete (215ms)
	LoadAllAssembliesAndSetupDomain (859ms)
		LoadAssemblies (3745ms)
		RebuildTransferFunctionScriptingTraits (0ms)
		AnalyzeDomain (856ms)
			TypeCache.Refresh (855ms)
				TypeCache.ScanAssembly (645ms)
			ScanForSourceGeneratedMonoScriptInfo (0ms)
			ResolveRequiredComponents (0ms)
	FinalizeReload (267ms)
		ReleaseScriptCaches (0ms)
		RebuildScriptCaches (0ms)
		SetupLoadedEditorAssemblies (216ms)
			LogAssemblyErrors (0ms)
			InitializePlatformSupportModulesInManaged (8ms)
			SetLoadedEditorAssemblies (5ms)
			RefreshPlugins (0ms)
			BeforeProcessingInitializeOnLoad (2ms)
			ProcessInitializeOnLoadAttributes (145ms)
			ProcessInitializeOnLoadMethodAttributes (56ms)
			AfterProcessingInitializeOnLoad (0ms)
			EditorAssembliesLoaded (0ms)
		ExecutionOrderSort2 (0ms)
		AwakeInstancesAfterBackupRestoration (0ms)
========================================================================
Worker process is ready to serve import requests
Begin MonoManager ReloadAssembly
- Loaded All Assemblies, in  4.979 seconds
Refreshing native plugins compatible for Editor in 3.83 ms, found 6 plugins.
Native extension for WindowsStandalone target not found
Native extension for WebGL target not found
Package Manager log level set to [2]
[Package Manager] Server::EnsureServerProcessIsRunning -- launch failed, reason: Unity was launched with the -noUpm command-line argument
[Package Manager] UpmClient::Send -- Unable to send message (not connected to UPM process).
[Package Manager] Cannot connect to Unity Package Manager local server
[Package Manager] Server::EnsureServerProcessIsRunning -- launch failed, reason: Unity was launched with the -noUpm command-line argument
[Package Manager] UpmClient::Send -- Unable to send message (not connected to UPM process).
[Package Manager] Cannot connect to Unity Package Manager local server
Mono: successfully reloaded assembly
[Package Manager] Server::EnsureServerProcessIsRunning -- launch failed, reason: Unity was launched with the -noUpm command-line argument
[Package Manager] UpmClient::Send -- Unable to send message (not connected to UPM process).
[Package Manager] Cannot connect to Unity Package Manager local server
[Package Manager] Server::EnsureServerProcessIsRunning -- launch failed, reason: Unity was launched with the -noUpm command-line argument
[Package Manager] UpmClient::Send -- Unable to send message (not connected to UPM process).
[Package Manager] Cannot connect to Unity Package Manager local server
- Finished resetting the current domain, in  0.545 seconds
Domain Reload Profiling: 5523ms
	BeginReloadAssembly (149ms)
		ExecutionOrderSort (0ms)
		DisableScriptedObjects (5ms)
		BackupInstance (0ms)
		ReleaseScriptingObjects (0ms)
		CreateAndSetChildDomain (19ms)
	RebuildCommonClasses (28ms)
	RebuildNativeTypeToScriptingClass (8ms)
	initialDomainReloadingComplete (35ms)
	LoadAllAssembliesAndSetupDomain (4758ms)
		LoadAssemblies (4272ms)
		RebuildTransferFunctionScriptingTraits (0ms)
		AnalyzeDomain (574ms)
			TypeCache.Refresh (543ms)
				TypeCache.ScanAssembly (488ms)
			ScanForSourceGeneratedMonoScriptInfo (25ms)
			ResolveRequiredComponents (5ms)
	FinalizeReload (545ms)
		ReleaseScriptCaches (0ms)
		RebuildScriptCaches (0ms)
		SetupLoadedEditorAssemblies (402ms)
			LogAssemblyErrors (0ms)
			InitializePlatformSupportModulesInManaged (6ms)
			SetLoadedEditorAssemblies (3ms)
			RefreshPlugins (0ms)
			BeforeProcessingInitializeOnLoad (53ms)
			ProcessInitializeOnLoadAttributes (319ms)
			ProcessInitializeOnLoadMethodAttributes (16ms)
			AfterProcessingInitializeOnLoad (5ms)
			EditorAssembliesLoaded (0ms)
		ExecutionOrderSort2 (0ms)
		AwakeInstancesAfterBackupRestoration (6ms)
Launched and connected shader compiler UnityShaderCompiler.exe after 0.08 seconds
Refreshing native plugins compatible for Editor in 5.00 ms, found 6 plugins.
Preloading 0 native plugins for Editor in 0.00 ms.
Unloading 3425 Unused Serialized files (Serialized files now loaded: 0)
Unloading 35 unused Assets / (58.0 KB). Loaded Objects now: 3899.
Memory consumption went from 136.7 MB to 136.7 MB.
Total: 3.338500 ms (FindLiveObjects: 0.200700 ms CreateObjectMapping: 0.099800 ms MarkObjects: 2.916900 ms  DeleteObjects: 0.119900 ms)

AssetImportParameters requested are different than current active one (requested -> active):
  custom:container-demuxer-ogg: 62fdf1f143b41e24485cea50d1cbac27 -> 
  custom:video-codec-MediaFoundation-h265: 746d11721c4dcdbdad8f713fa42b33f4 -> 
  custom:video-decoder-ogg-theora: a1e56fd34408186e4bbccfd4996cb3dc -> 
  custom:framework-win-MediaFoundation: 216162199b28c13a410421893ffa2e32 -> 
  custom:CustomObjectIndexerAttribute: 43b350a4d6e6d1791af0b5038c4bea17 -> 
  custom:container-demuxer-webm: 4f35f7cbe854078d1ac9338744f61a02 -> 
  custom:container-muxer-webm: aa71ff27fc2769a1b78a27578f13a17b -> 
  custom:video-decoder-webm-vp8: 9c59270c3fd7afecdb556c50c9e8de78 -> 
  custom:SearchIndexIgnoredProperties: e643bd26f0fe6173181afceb89e7c659 -> 
  custom:AudioImporter_EditorPlatform: d09bf68614088b80899f8185d706f6e7 -> 
  custom:video-encoder-webm-vp8: eb34c28f22e8b96e1ab97ce403110664 -> 
  custom:audio-decoder-ogg-vorbis: bf7c407c2cedff20999df2af8eb42d56 -> 
  custom:audio-encoder-webm-vorbis: bf7c407c2cedff20999df2af8eb42d56 -> 
========================================================================
Received Import Request.
  Time since last request: 1132.396273 seconds.
  path: Assets/BrokenVector/LowPolyDungeon/Prefabs/Furniture/Amphora_Stand.prefab
  artifactKey: Guid(f5709a3035aa0ca4d94745aaf44038fd) Importer(815301076,1909f56bfc062723c751e8b465ee728b)
Start importing Assets/BrokenVector/LowPolyDungeon/Prefabs/Furniture/Amphora_Stand.prefab using Guid(f5709a3035aa0ca4d94745aaf44038fd) Importer(815301076,1909f56bfc062723c751e8b465ee728b)  -> (artifact id: 'f228da0399167ce4360b646d547a5125') in 0.113677 seconds
Number of updated asset objects reloaded before import = 0
Number of asset objects unloaded after import = 10
========================================================================
Received Import Request.
  Time since last request: 0.000043 seconds.
  path: Assets/BrokenVector/LowPolyDungeon/Prefabs/Clutter/Sword.prefab
  artifactKey: Guid(3c69fa93618176a43962f23c5526778b) Importer(815301076,1909f56bfc062723c751e8b465ee728b)
Start importing Assets/BrokenVector/LowPolyDungeon/Prefabs/Clutter/Sword.prefab using Guid(3c69fa93618176a43962f23c5526778b) Importer(815301076,1909f56bfc062723c751e8b465ee728b)  -> (artifact id: 'c65a1eed9703f7087c7f3d16f6e502dd') in 0.019052 seconds
Number of updated asset objects reloaded before import = 0
Number of asset objects unloaded after import = 11
========================================================================
Received Import Request.
  Time since last request: 0.000014 seconds.
  path: Assets/BrokenVector/LowPolyDungeon/Prefabs/Clutter/Switch.prefab
  artifactKey: Guid(3a1dc3e054a222f48a2dd916be2f8b01) Importer(815301076,1909f56bfc062723c751e8b465ee728b)
Start importing Assets/BrokenVector/LowPolyDungeon/Prefabs/Clutter/Switch.prefab using Guid(3a1dc3e054a222f48a2dd916be2f8b01) Importer(815301076,1909f56bfc062723c751e8b465ee728b)  -> (artifact id: 'd8e7e2dd7eab745e84b52c3d13f3d5d8') in 0.020697 seconds
Number of updated asset objects reloaded before import = 0
Number of asset objects unloaded after import = 32
========================================================================
Received Import Request.
  Time since last request: 0.000014 seconds.
  path: Assets/BrokenVector/LowPolyDungeon/Prefabs/Clutter/Spoon.prefab
  artifactKey: Guid(e1fcee434c875124d9a75e52b62ad290) Importer(815301076,1909f56bfc062723c751e8b465ee728b)
Start importing Assets/BrokenVector/LowPolyDungeon/Prefabs/Clutter/Spoon.prefab using Guid(e1fcee434c875124d9a75e52b62ad290) Importer(815301076,1909f56bfc062723c751e8b465ee728b)  -> (artifact id: '5f97a74019ade1d87060da02ba6ce519') in 0.016522 seconds
Number of updated asset objects reloaded before import = 0
Number of asset objects unloaded after import = 10
========================================================================
Received Import Request.
  Time since last request: 0.000015 seconds.
  path: Assets/BrokenVector/LowPolyDungeon/Prefabs/Furniture/Barrel_Closed.prefab
  artifactKey: Guid(5adaedd4c0081614da171fecdf6bbd37) Importer(815301076,1909f56bfc062723c751e8b465ee728b)
Start importing Assets/BrokenVector/LowPolyDungeon/Prefabs/Furniture/Barrel_Closed.prefab using Guid(5adaedd4c0081614da171fecdf6bbd37) Importer(815301076,1909f56bfc062723c751e8b465ee728b)  -> (artifact id: '0ecb507ec32dba4d171f2a81a6e245f3') in 0.013755 seconds
Number of updated asset objects reloaded before import = 0
Number of asset objects unloaded after import = 11
========================================================================
Received Import Request.
  Time since last request: 0.000015 seconds.
  path: Assets/BrokenVector/LowPolyDungeon/Prefabs/Furniture/Chair.prefab
  artifactKey: Guid(dc02f77b0506f764c9d22c61c681c4af) Importer(815301076,1909f56bfc062723c751e8b465ee728b)
Start importing Assets/BrokenVector/LowPolyDungeon/Prefabs/Furniture/Chair.prefab using Guid(dc02f77b0506f764c9d22c61c681c4af) Importer(815301076,1909f56bfc062723c751e8b465ee728b)  -> (artifact id: '3eff9a9e83b18ea1670c7476cb70ed14') in 0.034002 seconds
Number of updated asset objects reloaded before import = 0
Number of asset objects unloaded after import = 10
========================================================================
Received Import Request.
  Time since last request: 0.000015 seconds.
  path: Assets/BrokenVector/LowPolyDungeon/Prefabs/Furniture/ChestSmall.prefab
  artifactKey: Guid(e30cba1a921baf34084ac60b89ad0979) Importer(815301076,1909f56bfc062723c751e8b465ee728b)
Start importing Assets/BrokenVector/LowPolyDungeon/Prefabs/Furniture/ChestSmall.prefab using Guid(e30cba1a921baf34084ac60b89ad0979) Importer(815301076,1909f56bfc062723c751e8b465ee728b)  -> (artifact id: 'fc1b0ee75e7c511827e3c09df9c4bf1b') in 0.020507 seconds
Number of updated asset objects reloaded before import = 0
Number of asset objects unloaded after import = 33
========================================================================
Received Import Request.
  Time since last request: 0.000017 seconds.
  path: Assets/BrokenVector/LowPolyDungeon/Prefabs/Furniture/Carpet_Red.prefab
  artifactKey: Guid(1e711044cbc639d44aa004669771969e) Importer(815301076,1909f56bfc062723c751e8b465ee728b)
Start importing Assets/BrokenVector/LowPolyDungeon/Prefabs/Furniture/Carpet_Red.prefab using Guid(1e711044cbc639d44aa004669771969e) Importer(815301076,1909f56bfc062723c751e8b465ee728b)  -> (artifact id: 'e6c6bceb4ccc293505d33add79d0a2fd') in 0.015206 seconds
Number of updated asset objects reloaded before import = 0
Number of asset objects unloaded after import = 10
========================================================================
Received Import Request.
  Time since last request: 0.000014 seconds.
  path: Assets/BrokenVector/LowPolyDungeon/Prefabs/Clutter/Tree_Branch.prefab
  artifactKey: Guid(bbd85e700f0f23546bfd0547bf83ad02) Importer(815301076,1909f56bfc062723c751e8b465ee728b)
Start importing Assets/BrokenVector/LowPolyDungeon/Prefabs/Clutter/Tree_Branch.prefab using Guid(bbd85e700f0f23546bfd0547bf83ad02) Importer(815301076,1909f56bfc062723c751e8b465ee728b)  -> (artifact id: 'e816779c55d291a2281ff2076b53324b') in 0.020175 seconds
Number of updated asset objects reloaded before import = 0
Number of asset objects unloaded after import = 10
========================================================================
Received Import Request.
  Time since last request: 0.000018 seconds.
  path: Assets/BrokenVector/LowPolyDungeon/Prefabs/Clutter/SwitchSecret.prefab
  artifactKey: Guid(e574f658d3fabcc43bdbe89b4425b18b) Importer(815301076,1909f56bfc062723c751e8b465ee728b)
Start importing Assets/BrokenVector/LowPolyDungeon/Prefabs/Clutter/SwitchSecret.prefab using Guid(e574f658d3fabcc43bdbe89b4425b18b) Importer(815301076,1909f56bfc062723c751e8b465ee728b)  -> (artifact id: '3cc238c62834896d22ad05f2a26b6e39') in 0.021709 seconds
Number of updated asset objects reloaded before import = 0
Number of asset objects unloaded after import = 32
========================================================================
Received Import Request.
  Time since last request: 0.000018 seconds.
  path: Assets/BrokenVector/LowPolyDungeon/Materials
  artifactKey: Guid(47889772f1912bf4e8bfcb6805c8d5df) Importer(815301076,1909f56bfc062723c751e8b465ee728b)
Start importing Assets/BrokenVector/LowPolyDungeon/Materials using Guid(47889772f1912bf4e8bfcb6805c8d5df) Importer(815301076,1909f56bfc062723c751e8b465ee728b)  -> (artifact id: 'de40efc27352209661fa7b6e21237889') in 0.000573 seconds
Number of updated asset objects reloaded before import = 0
Number of asset objects unloaded after import = 0
========================================================================
Received Import Request.
  Time since last request: 0.000088 seconds.
  path: Assets/BrokenVector/LowPolyDungeon/Prefabs/Clutter/Scroll_Stack.prefab
  artifactKey: Guid(2e12945ebe1b72244a54adef7e7dc627) Importer(815301076,1909f56bfc062723c751e8b465ee728b)
Start importing Assets/BrokenVector/LowPolyDungeon/Prefabs/Clutter/Scroll_Stack.prefab using Guid(2e12945ebe1b72244a54adef7e7dc627) Importer(815301076,1909f56bfc062723c751e8b465ee728b)  -> (artifact id: 'f036d3afaa61aece701207bfedfd41d2') in 0.016026 seconds
Number of updated asset objects reloaded before import = 0
Number of asset objects unloaded after import = 10
========================================================================
Received Import Request.
  Time since last request: 5.271425 seconds.
  path: Assets/BrokenVector/LowPolyDungeon/Prefabs/Lamps/Candlestick_Triple.prefab
  artifactKey: Guid(34534f9a2d6df1c4f8dee201f8d50aaa) Importer(815301076,1909f56bfc062723c751e8b465ee728b)
Start importing Assets/BrokenVector/LowPolyDungeon/Prefabs/Lamps/Candlestick_Triple.prefab using Guid(34534f9a2d6df1c4f8dee201f8d50aaa) Importer(815301076,1909f56bfc062723c751e8b465ee728b)  -> (artifact id: 'f4432eca58af473f721bca9ccc536673') in 0.018315 seconds
Number of updated asset objects reloaded before import = 0
Number of asset objects unloaded after import = 32
========================================================================
Received Import Request.
  Time since last request: 0.000014 seconds.
  path: Assets/BrokenVector/LowPolyDungeon/Prefabs/Lamps/Torch_Wall.prefab
  artifactKey: Guid(4b437f1c2454a2c409b1b7f35e69d661) Importer(815301076,1909f56bfc062723c751e8b465ee728b)
Start importing Assets/BrokenVector/LowPolyDungeon/Prefabs/Lamps/Torch_Wall.prefab using Guid(4b437f1c2454a2c409b1b7f35e69d661) Importer(815301076,1909f56bfc062723c751e8b465ee728b)  -> (artifact id: '0d32d6df5df74629504644c52dc0e3b5') in 0.018769 seconds
Number of updated asset objects reloaded before import = 0
Number of asset objects unloaded after import = 16
========================================================================
Received Import Request.
  Time since last request: 22.986329 seconds.
  path: Assets/BrokenVector/LowPolyDungeon/Models/Tiles/Balcony_Railing.fbx
  artifactKey: Guid(b1cfd52e76785524c8551b29a7d4fd9b) Importer(815301076,1909f56bfc062723c751e8b465ee728b)
Start importing Assets/BrokenVector/LowPolyDungeon/Models/Tiles/Balcony_Railing.fbx using Guid(b1cfd52e76785524c8551b29a7d4fd9b) Importer(815301076,1909f56bfc062723c751e8b465ee728b)  -> (artifact id: '86a16b112fad7ebb75209cb044e48949') in 0.027033 seconds
Number of updated asset objects reloaded before import = 0
Number of asset objects unloaded after import = 10
========================================================================
Received Import Request.
  Time since last request: 0.000018 seconds.
  path: Assets/BrokenVector/LowPolyDungeon/Models/Tiles/Basement_Var1.fbx
  artifactKey: Guid(75953d580a08e7649bf4b767832e157b) Importer(815301076,1909f56bfc062723c751e8b465ee728b)
Start importing Assets/BrokenVector/LowPolyDungeon/Models/Tiles/Basement_Var1.fbx using Guid(75953d580a08e7649bf4b767832e157b) Importer(815301076,1909f56bfc062723c751e8b465ee728b)  -> (artifact id: 'c9778654a4b364d1120b5eb06cf62b4f') in 0.035604 seconds
Number of updated asset objects reloaded before import = 0
Number of asset objects unloaded after import = 15
========================================================================
Received Import Request.
  Time since last request: 0.000015 seconds.
  path: Assets/BrokenVector/LowPolyDungeon/Models/Tiles/Door_Iron_Left.fbx
  artifactKey: Guid(f6660c88e946e3f4a9301950fc6587e0) Importer(815301076,1909f56bfc062723c751e8b465ee728b)
Start importing Assets/BrokenVector/LowPolyDungeon/Models/Tiles/Door_Iron_Left.fbx using Guid(f6660c88e946e3f4a9301950fc6587e0) Importer(815301076,1909f56bfc062723c751e8b465ee728b)  -> (artifact id: '3f8a196b25dd1d7255f7d8e666d77dba') in 0.013375 seconds
Number of updated asset objects reloaded before import = 0
Number of asset objects unloaded after import = 10
========================================================================
Received Import Request.
  Time since last request: 0.000019 seconds.
  path: Assets/BrokenVector/LowPolyDungeon/Models/Tiles/Door_Basement_Right.fbx
  artifactKey: Guid(681220b62dd908f45ada123d56e66448) Importer(815301076,1909f56bfc062723c751e8b465ee728b)
Start importing Assets/BrokenVector/LowPolyDungeon/Models/Tiles/Door_Basement_Right.fbx using Guid(681220b62dd908f45ada123d56e66448) Importer(815301076,1909f56bfc062723c751e8b465ee728b)  -> (artifact id: 'c8086b28b6e40a3877aae9bdc234ff1d') in 0.013641 seconds
Number of updated asset objects reloaded before import = 0
Number of asset objects unloaded after import = 11
========================================================================
Received Import Request.
  Time since last request: 0.000014 seconds.
  path: Assets/BrokenVector/LowPolyDungeon/Models/Tiles/Basement_Wall_Var1.fbx
  artifactKey: Guid(07d8ac3c883232446bcd9a3222fbff1f) Importer(815301076,1909f56bfc062723c751e8b465ee728b)
Start importing Assets/BrokenVector/LowPolyDungeon/Models/Tiles/Basement_Wall_Var1.fbx using Guid(07d8ac3c883232446bcd9a3222fbff1f) Importer(815301076,1909f56bfc062723c751e8b465ee728b)  -> (artifact id: 'b503f13c46dcfcdeb5566da1cecb626d') in 0.012991 seconds
Number of updated asset objects reloaded before import = 0
Number of asset objects unloaded after import = 11
========================================================================
Received Import Request.
  Time since last request: 0.000397 seconds.
  path: Assets/BrokenVector/LowPolyDungeon/Models/Tiles/Dungeon_Big.fbx
  artifactKey: Guid(65fac7cc44cc1cc4092bad889ea7cb6d) Importer(815301076,1909f56bfc062723c751e8b465ee728b)
Start importing Assets/BrokenVector/LowPolyDungeon/Models/Tiles/Dungeon_Big.fbx using Guid(65fac7cc44cc1cc4092bad889ea7cb6d) Importer(815301076,1909f56bfc062723c751e8b465ee728b)  -> (artifact id: '6aaa3ced67d1f2688524862283c8de30') in 0.016105 seconds
Number of updated asset objects reloaded before import = 0
Number of asset objects unloaded after import = 11
========================================================================
Received Import Request.
  Time since last request: 0.000015 seconds.
  path: Assets/BrokenVector/LowPolyDungeon/Models/Tiles/Dungeon_Big_Wall.fbx
  artifactKey: Guid(8211cbe42dc7376499f8a6746bc97fb9) Importer(815301076,1909f56bfc062723c751e8b465ee728b)
Start importing Assets/BrokenVector/LowPolyDungeon/Models/Tiles/Dungeon_Big_Wall.fbx using Guid(8211cbe42dc7376499f8a6746bc97fb9) Importer(815301076,1909f56bfc062723c751e8b465ee728b)  -> (artifact id: '4e726df0eeaf83205c5df2e8523b9e6f') in 0.011593 seconds
Number of updated asset objects reloaded before import = 0
Number of asset objects unloaded after import = 10
========================================================================
Received Import Request.
  Time since last request: 0.000016 seconds.
  path: Assets/BrokenVector/LowPolyDungeon/Models/Tiles/DoorGate_Wooden_Left.fbx
  artifactKey: Guid(a26e8605291c03d42ba85f7364aea582) Importer(815301076,1909f56bfc062723c751e8b465ee728b)
Start importing Assets/BrokenVector/LowPolyDungeon/Models/Tiles/DoorGate_Wooden_Left.fbx using Guid(a26e8605291c03d42ba85f7364aea582) Importer(815301076,1909f56bfc062723c751e8b465ee728b)  -> (artifact id: '856fdb3034efec946e44fcdcbaeb3e38') in 0.013027 seconds
Number of updated asset objects reloaded before import = 0
Number of asset objects unloaded after import = 11
========================================================================
Received Import Request.
  Time since last request: 0.000013 seconds.
  path: Assets/BrokenVector/LowPolyDungeon/Models/Tiles/Dungeon_Custom_Corner_Arched.fbx
  artifactKey: Guid(e4178b2a02913d842aedef2eb60d1985) Importer(815301076,1909f56bfc062723c751e8b465ee728b)
Start importing Assets/BrokenVector/LowPolyDungeon/Models/Tiles/Dungeon_Custom_Corner_Arched.fbx using Guid(e4178b2a02913d842aedef2eb60d1985) Importer(815301076,1909f56bfc062723c751e8b465ee728b)  -> (artifact id: '70449908f7672311ae598043dadcd085') in 0.012630 seconds
Number of updated asset objects reloaded before import = 0
Number of asset objects unloaded after import = 11
========================================================================
Received Import Request.
  Time since last request: 0.000017 seconds.
  path: Assets/BrokenVector/LowPolyDungeon/Models/Tiles/Dungeon_Custom_Border_Arched.fbx
  artifactKey: Guid(44df445cedf276240bdc7ce6f35ad5e5) Importer(815301076,1909f56bfc062723c751e8b465ee728b)
Start importing Assets/BrokenVector/LowPolyDungeon/Models/Tiles/Dungeon_Custom_Border_Arched.fbx using Guid(44df445cedf276240bdc7ce6f35ad5e5) Importer(815301076,1909f56bfc062723c751e8b465ee728b)  -> (artifact id: '80102b9a7574faa06060383e753067ca') in 0.012460 seconds
Number of updated asset objects reloaded before import = 0
Number of asset objects unloaded after import = 11
========================================================================
Received Import Request.
  Time since last request: 0.000013 seconds.
  path: Assets/BrokenVector/LowPolyDungeon/Models/Tiles/Door_Wooden_Round_Left.fbx
  artifactKey: Guid(c2d7e7ca81bdbf442942799f88018308) Importer(815301076,1909f56bfc062723c751e8b465ee728b)
Start importing Assets/BrokenVector/LowPolyDungeon/Models/Tiles/Door_Wooden_Round_Left.fbx using Guid(c2d7e7ca81bdbf442942799f88018308) Importer(815301076,1909f56bfc062723c751e8b465ee728b)  -> (artifact id: 'dda5fed5e19a5d9f8640ea3095e89ee8') in 0.013558 seconds
Number of updated asset objects reloaded before import = 0
Number of asset objects unloaded after import = 11
========================================================================
Received Import Request.
  Time since last request: 0.000015 seconds.
  path: Assets/BrokenVector/LowPolyDungeon/Models/Tiles/Dungeon_Hall_Wall_Stairs_Left.fbx
  artifactKey: Guid(483313b13cd06ee48a860df95d60e72e) Importer(815301076,1909f56bfc062723c751e8b465ee728b)
Start importing Assets/BrokenVector/LowPolyDungeon/Models/Tiles/Dungeon_Hall_Wall_Stairs_Left.fbx using Guid(483313b13cd06ee48a860df95d60e72e) Importer(815301076,1909f56bfc062723c751e8b465ee728b)  -> (artifact id: 'a51f098f05fbbe8df17324b1254b8070') in 0.013280 seconds
Number of updated asset objects reloaded before import = 0
Number of asset objects unloaded after import = 11
========================================================================
Received Import Request.
  Time since last request: 0.000015 seconds.
  path: Assets/BrokenVector/LowPolyDungeon/Models/Tiles/Dungeon_Passage.fbx
  artifactKey: Guid(357387220f229a64f8e35720e9d0d121) Importer(815301076,1909f56bfc062723c751e8b465ee728b)
Start importing Assets/BrokenVector/LowPolyDungeon/Models/Tiles/Dungeon_Passage.fbx using Guid(357387220f229a64f8e35720e9d0d121) Importer(815301076,1909f56bfc062723c751e8b465ee728b)  -> (artifact id: '1d85d1bbaf90bac0a2254535440c493f') in 0.013745 seconds
Number of updated asset objects reloaded before import = 0
Number of asset objects unloaded after import = 10
========================================================================
Received Import Request.
  Time since last request: 0.000015 seconds.
  path: Assets/BrokenVector/LowPolyDungeon/Models/Tiles/Dungeon_Straight_Half.fbx
  artifactKey: Guid(0fa0fbfa9a188bd4786d33725057196c) Importer(815301076,1909f56bfc062723c751e8b465ee728b)
Start importing Assets/BrokenVector/LowPolyDungeon/Models/Tiles/Dungeon_Straight_Half.fbx using Guid(0fa0fbfa9a188bd4786d33725057196c) Importer(815301076,1909f56bfc062723c751e8b465ee728b)  -> (artifact id: 'fbb233d3d625d4141b3885784ffe2b6c') in 0.014136 seconds
Number of updated asset objects reloaded before import = 0
Number of asset objects unloaded after import = 11
========================================================================
Received Import Request.
  Time since last request: 0.000016 seconds.
  path: Assets/BrokenVector/LowPolyDungeon/Models/Tiles/Dungeon_Wall_Var1.fbx
  artifactKey: Guid(4fe4fc7683c898747998c195978256cc) Importer(815301076,1909f56bfc062723c751e8b465ee728b)
Start importing Assets/BrokenVector/LowPolyDungeon/Models/Tiles/Dungeon_Wall_Var1.fbx using Guid(4fe4fc7683c898747998c195978256cc) Importer(815301076,1909f56bfc062723c751e8b465ee728b)  -> (artifact id: 'ae9834d146f602d90b5fb909b0d90349') in 0.013505 seconds
Number of updated asset objects reloaded before import = 0
Number of asset objects unloaded after import = 10
========================================================================
Received Import Request.
  Time since last request: 0.000013 seconds.
  path: Assets/BrokenVector/LowPolyDungeon/Models/Tiles/Dungeon_Wall_Window.fbx
  artifactKey: Guid(85215ddb67dce05478420137b344281d) Importer(815301076,1909f56bfc062723c751e8b465ee728b)
Start importing Assets/BrokenVector/LowPolyDungeon/Models/Tiles/Dungeon_Wall_Window.fbx using Guid(85215ddb67dce05478420137b344281d) Importer(815301076,1909f56bfc062723c751e8b465ee728b)  -> (artifact id: '7d3b2ce5815270fdfd71b1e0f2d3ca63') in 0.011822 seconds
Number of updated asset objects reloaded before import = 0
Number of asset objects unloaded after import = 11
========================================================================
Received Import Request.
  Time since last request: 0.000016 seconds.
  path: Assets/BrokenVector/LowPolyDungeon/Models/Tiles/Hallway_Double.fbx
  artifactKey: Guid(17a224d1aeb5e59439a4ddda2f1ef3a6) Importer(815301076,1909f56bfc062723c751e8b465ee728b)
Start importing Assets/BrokenVector/LowPolyDungeon/Models/Tiles/Hallway_Double.fbx using Guid(17a224d1aeb5e59439a4ddda2f1ef3a6) Importer(815301076,1909f56bfc062723c751e8b465ee728b)  -> (artifact id: 'f8d5de610f96523561f9fd98527a2f58') in 0.015060 seconds
Number of updated asset objects reloaded before import = 0
Number of asset objects unloaded after import = 11
========================================================================
Received Import Request.
  Time since last request: 0.000017 seconds.
  path: Assets/BrokenVector/LowPolyDungeon/Models/Tiles/Hallway_Quarter.fbx
  artifactKey: Guid(1b81800f0a37d564196769a09fb61d6a) Importer(815301076,1909f56bfc062723c751e8b465ee728b)
Start importing Assets/BrokenVector/LowPolyDungeon/Models/Tiles/Hallway_Quarter.fbx using Guid(1b81800f0a37d564196769a09fb61d6a) Importer(815301076,1909f56bfc062723c751e8b465ee728b)  -> (artifact id: '9205a264a405de1e223ed0f3883108ce') in 0.015781 seconds
Number of updated asset objects reloaded before import = 0
Number of asset objects unloaded after import = 11
========================================================================
Received Import Request.
  Time since last request: 0.000122 seconds.
  path: Assets/BrokenVector/LowPolyDungeon/Models/Tiles/Hallway_toStaircase_Bottom.fbx
  artifactKey: Guid(d1cec78074a250041adbcfd9616b1a3f) Importer(815301076,1909f56bfc062723c751e8b465ee728b)
Start importing Assets/BrokenVector/LowPolyDungeon/Models/Tiles/Hallway_toStaircase_Bottom.fbx using Guid(d1cec78074a250041adbcfd9616b1a3f) Importer(815301076,1909f56bfc062723c751e8b465ee728b)  -> (artifact id: '53a56eb979c29b530a05676f903b8de1') in 0.014748 seconds
Number of updated asset objects reloaded before import = 0
Number of asset objects unloaded after import = 11
========================================================================
Received Import Request.
  Time since last request: 0.000031 seconds.
  path: Assets/BrokenVector/LowPolyDungeon/Models/Tiles/Holefix_Single.fbx
  artifactKey: Guid(6f299c6c72875e64ba2b937acdb19287) Importer(815301076,1909f56bfc062723c751e8b465ee728b)
Start importing Assets/BrokenVector/LowPolyDungeon/Models/Tiles/Holefix_Single.fbx using Guid(6f299c6c72875e64ba2b937acdb19287) Importer(815301076,1909f56bfc062723c751e8b465ee728b)  -> (artifact id: '41c0f0151f3a4eaf8b72fc75ab9736fc') in 0.013547 seconds
Number of updated asset objects reloaded before import = 0
Number of asset objects unloaded after import = 10
========================================================================
Received Import Request.
  Time since last request: 0.000039 seconds.
  path: Assets/BrokenVector/LowPolyDungeon/Models/Tiles/Hallway_TCrossing.fbx
  artifactKey: Guid(d68104bcc3c497440a2cb8a67c7295ac) Importer(815301076,1909f56bfc062723c751e8b465ee728b)
Start importing Assets/BrokenVector/LowPolyDungeon/Models/Tiles/Hallway_TCrossing.fbx using Guid(d68104bcc3c497440a2cb8a67c7295ac) Importer(815301076,1909f56bfc062723c751e8b465ee728b)  -> (artifact id: '31d580a4db06e182802951eaac78a749') in 0.014828 seconds
Number of updated asset objects reloaded before import = 0
Number of asset objects unloaded after import = 11
========================================================================
Received Import Request.
  Time since last request: 2.618756 seconds.
  path: Assets/BrokenVector/LowPolyDungeon/Models/Lamps/Candlestick_Triple.fbx
  artifactKey: Guid(9113a0b797edd634c876e92de58f44a0) Importer(815301076,1909f56bfc062723c751e8b465ee728b)
Start importing Assets/BrokenVector/LowPolyDungeon/Models/Lamps/Candlestick_Triple.fbx using Guid(9113a0b797edd634c876e92de58f44a0) Importer(815301076,1909f56bfc062723c751e8b465ee728b)  -> (artifact id: 'f21bea080bc28c472fbbf4d2e2c4eb3f') in 0.016431 seconds
Number of updated asset objects reloaded before import = 0
Number of asset objects unloaded after import = 11
========================================================================
Received Import Request.
  Time since last request: 0.000016 seconds.
  path: Assets/BrokenVector/LowPolyDungeon/Models/Lamps/Chandelier.fbx
  artifactKey: Guid(6b596b44345a31449b0a45c5c08932c6) Importer(815301076,1909f56bfc062723c751e8b465ee728b)
Start importing Assets/BrokenVector/LowPolyDungeon/Models/Lamps/Chandelier.fbx using Guid(6b596b44345a31449b0a45c5c08932c6) Importer(815301076,1909f56bfc062723c751e8b465ee728b)  -> (artifact id: '237f49d85d6ea947beff732eecb8555c') in 0.014544 seconds
Number of updated asset objects reloaded before import = 0
Number of asset objects unloaded after import = 11
========================================================================
Received Import Request.
  Time since last request: 0.000019 seconds.
  path: Assets/BrokenVector/LowPolyDungeon/Models/Lamps/Torch_Wall.fbx
  artifactKey: Guid(fe2e85b4d6271d84797599c39656320c) Importer(815301076,1909f56bfc062723c751e8b465ee728b)
Start importing Assets/BrokenVector/LowPolyDungeon/Models/Lamps/Torch_Wall.fbx using Guid(fe2e85b4d6271d84797599c39656320c) Importer(815301076,1909f56bfc062723c751e8b465ee728b)  -> (artifact id: '827631c476853f10d4d1fb4e071c473a') in 0.012856 seconds
Number of updated asset objects reloaded before import = 0
Number of asset objects unloaded after import = 12
========================================================================
Received Import Request.
  Time since last request: 1.753612 seconds.
  path: Assets/BrokenVector/LowPolyDungeon/Models/Furniture/Barrel_Big.fbx
  artifactKey: Guid(40f5762be4fcf5f4fa9151e752d38d16) Importer(815301076,1909f56bfc062723c751e8b465ee728b)
Start importing Assets/BrokenVector/LowPolyDungeon/Models/Furniture/Barrel_Big.fbx using Guid(40f5762be4fcf5f4fa9151e752d38d16) Importer(815301076,1909f56bfc062723c751e8b465ee728b)  -> (artifact id: '76fad9a6d81c1589a32af86dbe83d4e6') in 0.016250 seconds
Number of updated asset objects reloaded before import = 0
Number of asset objects unloaded after import = 11
========================================================================
Received Import Request.
  Time since last request: 0.000013 seconds.
  path: Assets/BrokenVector/LowPolyDungeon/Models/Furniture/Chest.fbx
  artifactKey: Guid(1bf63c0899d49114e9e0a11b3dbb5187) Importer(815301076,1909f56bfc062723c751e8b465ee728b)
Start importing Assets/BrokenVector/LowPolyDungeon/Models/Furniture/Chest.fbx using Guid(1bf63c0899d49114e9e0a11b3dbb5187) Importer(815301076,1909f56bfc062723c751e8b465ee728b)  -> (artifact id: '4f35317c853e5b7a5a40bd5c28102440') in 0.014360 seconds
Number of updated asset objects reloaded before import = 0
Number of asset objects unloaded after import = 12
========================================================================
Received Import Request.
  Time since last request: 0.000017 seconds.
  path: Assets/BrokenVector/LowPolyDungeon/Models/Furniture/Oven.fbx
  artifactKey: Guid(df0057aca4620334d83ecb9ea6af2f58) Importer(815301076,1909f56bfc062723c751e8b465ee728b)
Start importing Assets/BrokenVector/LowPolyDungeon/Models/Furniture/Oven.fbx using Guid(df0057aca4620334d83ecb9ea6af2f58) Importer(815301076,1909f56bfc062723c751e8b465ee728b)  -> (artifact id: 'b0bb40a0cb47818ef7760019239c613b') in 0.015735 seconds
Number of updated asset objects reloaded before import = 0
Number of asset objects unloaded after import = 10
========================================================================
Received Import Request.
  Time since last request: 0.000016 seconds.
  path: Assets/BrokenVector/LowPolyDungeon/Models/Furniture/WeaponRack_Big.fbx
  artifactKey: Guid(5a3630cf5f3e0b7489e748180d9a081a) Importer(815301076,1909f56bfc062723c751e8b465ee728b)
Start importing Assets/BrokenVector/LowPolyDungeon/Models/Furniture/WeaponRack_Big.fbx using Guid(5a3630cf5f3e0b7489e748180d9a081a) Importer(815301076,1909f56bfc062723c751e8b465ee728b)  -> (artifact id: '1e9e19d99799e18067b63732f34d7449') in 0.015764 seconds
Number of updated asset objects reloaded before import = 0
Number of asset objects unloaded after import = 10
========================================================================
Received Import Request.
  Time since last request: 0.000504 seconds.
  path: Assets/BrokenVector/LowPolyDungeon/Models/Furniture/Shelf_Wall.fbx
  artifactKey: Guid(2635c774666268e47b7d059c5f4ebbd9) Importer(815301076,1909f56bfc062723c751e8b465ee728b)
Start importing Assets/BrokenVector/LowPolyDungeon/Models/Furniture/Shelf_Wall.fbx using Guid(2635c774666268e47b7d059c5f4ebbd9) Importer(815301076,1909f56bfc062723c751e8b465ee728b)  -> (artifact id: 'bc0bdb14f4f32926c83914cbcf9cd0ea') in 0.015100 seconds
Number of updated asset objects reloaded before import = 0
Number of asset objects unloaded after import = 10
========================================================================
Received Import Request.
  Time since last request: 0.000020 seconds.
  path: Assets/BrokenVector/LowPolyDungeon/Models/Furniture/Stool_round.fbx
  artifactKey: Guid(2fecc0ac19ff3de449e712fce3335198) Importer(815301076,1909f56bfc062723c751e8b465ee728b)
Start importing Assets/BrokenVector/LowPolyDungeon/Models/Furniture/Stool_round.fbx using Guid(2fecc0ac19ff3de449e712fce3335198) Importer(815301076,1909f56bfc062723c751e8b465ee728b)  -> (artifact id: '2c6e54d515fc732730b4eeef4f043749') in 0.013944 seconds
Number of updated asset objects reloaded before import = 0
Number of asset objects unloaded after import = 10
========================================================================
Received Import Request.
  Time since last request: 0.000022 seconds.
  path: Assets/BrokenVector/LowPolyDungeon/Models/Furniture/Table_Small.fbx
  artifactKey: Guid(5cb6753c16611884384f3beaff2906bd) Importer(815301076,1909f56bfc062723c751e8b465ee728b)
Start importing Assets/BrokenVector/LowPolyDungeon/Models/Furniture/Table_Small.fbx using Guid(5cb6753c16611884384f3beaff2906bd) Importer(815301076,1909f56bfc062723c751e8b465ee728b)  -> (artifact id: '7cec1ef012ffc7dd5c4dfcd6bd106861') in 0.013237 seconds
Number of updated asset objects reloaded before import = 0
Number of asset objects unloaded after import = 10
========================================================================
Received Import Request.
  Time since last request: 0.000013 seconds.
  path: Assets/BrokenVector/LowPolyDungeon/Models/Furniture/Carpet_Green.fbx
  artifactKey: Guid(2db4b38c5968c334ba9ebd8d33dda174) Importer(815301076,1909f56bfc062723c751e8b465ee728b)
Start importing Assets/BrokenVector/LowPolyDungeon/Models/Furniture/Carpet_Green.fbx using Guid(2db4b38c5968c334ba9ebd8d33dda174) Importer(815301076,1909f56bfc062723c751e8b465ee728b)  -> (artifact id: 'f2dabf6c85a9d48db464c2425d6b3bde') in 0.013860 seconds
Number of updated asset objects reloaded before import = 0
Number of asset objects unloaded after import = 10
========================================================================
Received Import Request.
  Time since last request: 0.000015 seconds.
  path: Assets/BrokenVector/LowPolyDungeon/Models/Furniture/Chest_Lid.fbx
  artifactKey: Guid(4ad289074c1d9c2469c5bea23e1b3704) Importer(815301076,1909f56bfc062723c751e8b465ee728b)
Start importing Assets/BrokenVector/LowPolyDungeon/Models/Furniture/Chest_Lid.fbx using Guid(4ad289074c1d9c2469c5bea23e1b3704) Importer(815301076,1909f56bfc062723c751e8b465ee728b)  -> (artifact id: 'e46c040027306321592710a036fcefaf') in 0.014094 seconds
Number of updated asset objects reloaded before import = 0
Number of asset objects unloaded after import = 11
========================================================================
Received Import Request.
  Time since last request: 5.214983 seconds.
  path: Assets/BrokenVector/LowPolyDungeon/Models/Clutter/Beaker_Empty.fbx
  artifactKey: Guid(affe7203ad95ac04884cd98a039abd27) Importer(815301076,1909f56bfc062723c751e8b465ee728b)
Start importing Assets/BrokenVector/LowPolyDungeon/Models/Clutter/Beaker_Empty.fbx using Guid(affe7203ad95ac04884cd98a039abd27) Importer(815301076,1909f56bfc062723c751e8b465ee728b)  -> (artifact id: '77c65590ca2478064b00f9659e767dfe') in 0.018717 seconds
Number of updated asset objects reloaded before import = 0
Number of asset objects unloaded after import = 10
========================================================================
Received Import Request.
  Time since last request: 0.000016 seconds.
  path: Assets/BrokenVector/LowPolyDungeon/Models/Clutter/Beaker_Small.fbx
  artifactKey: Guid(b1c10eb87d6afd940a081f2a841004e4) Importer(815301076,1909f56bfc062723c751e8b465ee728b)
Start importing Assets/BrokenVector/LowPolyDungeon/Models/Clutter/Beaker_Small.fbx using Guid(b1c10eb87d6afd940a081f2a841004e4) Importer(815301076,1909f56bfc062723c751e8b465ee728b)  -> (artifact id: 'bc00df98f31b42fc8ca7d6bbf54ef103') in 0.015456 seconds
Number of updated asset objects reloaded before import = 0
Number of asset objects unloaded after import = 10
========================================================================
Received Import Request.
  Time since last request: 0.000014 seconds.
  path: Assets/BrokenVector/LowPolyDungeon/Models/Clutter/Book_Big_DeepRed.fbx
  artifactKey: Guid(32184c617bf8b624d8d54af843ec427c) Importer(815301076,1909f56bfc062723c751e8b465ee728b)
Start importing Assets/BrokenVector/LowPolyDungeon/Models/Clutter/Book_Big_DeepRed.fbx using Guid(32184c617bf8b624d8d54af843ec427c) Importer(815301076,1909f56bfc062723c751e8b465ee728b)  -> (artifact id: '5b952b538f2f7bc73d602602038fbe5b') in 0.015833 seconds
Number of updated asset objects reloaded before import = 0
Number of asset objects unloaded after import = 11
========================================================================
Received Import Request.
  Time since last request: 0.000019 seconds.
  path: Assets/BrokenVector/LowPolyDungeon/Models/Clutter/Book_Brown.fbx
  artifactKey: Guid(dc2941d78abd1554c898c60a773f4dad) Importer(815301076,1909f56bfc062723c751e8b465ee728b)
Start importing Assets/BrokenVector/LowPolyDungeon/Models/Clutter/Book_Brown.fbx using Guid(dc2941d78abd1554c898c60a773f4dad) Importer(815301076,1909f56bfc062723c751e8b465ee728b)  -> (artifact id: '3342a8011c86655774e44502bf91e47e') in 0.016154 seconds
Number of updated asset objects reloaded before import = 0
Number of asset objects unloaded after import = 11
========================================================================
Received Import Request.
  Time since last request: 0.000017 seconds.
  path: Assets/BrokenVector/LowPolyDungeon/Models/Clutter/Book_Red.fbx
  artifactKey: Guid(9028aa2abf4ff9d45a5c341199180134) Importer(815301076,1909f56bfc062723c751e8b465ee728b)
Start importing Assets/BrokenVector/LowPolyDungeon/Models/Clutter/Book_Red.fbx using Guid(9028aa2abf4ff9d45a5c341199180134) Importer(815301076,1909f56bfc062723c751e8b465ee728b)  -> (artifact id: '58dd7c2c478b1ce73eb926484ba9389a') in 0.013356 seconds
Number of updated asset objects reloaded before import = 0
Number of asset objects unloaded after import = 11
========================================================================
Received Import Request.
  Time since last request: 0.000016 seconds.
  path: Assets/BrokenVector/LowPolyDungeon/Models/Clutter/Book_Small_Green.fbx
  artifactKey: Guid(e55a876c8839b57418359bcec709a948) Importer(815301076,1909f56bfc062723c751e8b465ee728b)
Start importing Assets/BrokenVector/LowPolyDungeon/Models/Clutter/Book_Small_Green.fbx using Guid(e55a876c8839b57418359bcec709a948) Importer(815301076,1909f56bfc062723c751e8b465ee728b)  -> (artifact id: '5894793a817b77c6a4ef3f781c3cb6d6') in 0.013748 seconds
Number of updated asset objects reloaded before import = 0
Number of asset objects unloaded after import = 11
========================================================================
Received Import Request.
  Time since last request: 0.000029 seconds.
  path: Assets/BrokenVector/LowPolyDungeon/Models/Clutter/Bottle.fbx
  artifactKey: Guid(764ac3d453b8da24d91a0894ffdc6655) Importer(815301076,1909f56bfc062723c751e8b465ee728b)
Start importing Assets/BrokenVector/LowPolyDungeon/Models/Clutter/Bottle.fbx using Guid(764ac3d453b8da24d91a0894ffdc6655) Importer(815301076,1909f56bfc062723c751e8b465ee728b)  -> (artifact id: '5927ee801150c64abb1cde0f139f09c3') in 0.015759 seconds
Number of updated asset objects reloaded before import = 0
Number of asset objects unloaded after import = 11
========================================================================
Received Import Request.
  Time since last request: 0.000014 seconds.
  path: Assets/BrokenVector/LowPolyDungeon/Models/Clutter/Bread.fbx
  artifactKey: Guid(66ff87ab9380a334bacec924d01224a5) Importer(815301076,1909f56bfc062723c751e8b465ee728b)
Start importing Assets/BrokenVector/LowPolyDungeon/Models/Clutter/Bread.fbx using Guid(66ff87ab9380a334bacec924d01224a5) Importer(815301076,1909f56bfc062723c751e8b465ee728b)  -> (artifact id: '9bd85ff2d9cb55d8f30e07a804894c04') in 0.013733 seconds
Number of updated asset objects reloaded before import = 0
Number of asset objects unloaded after import = 10
========================================================================
Received Import Request.
  Time since last request: 0.000016 seconds.
  path: Assets/BrokenVector/LowPolyDungeon/Models/Clutter/Carrot.fbx
  artifactKey: Guid(fa1dbf3ce607faa4eaf5d6c71e9ccc66) Importer(815301076,1909f56bfc062723c751e8b465ee728b)
Start importing Assets/BrokenVector/LowPolyDungeon/Models/Clutter/Carrot.fbx using Guid(fa1dbf3ce607faa4eaf5d6c71e9ccc66) Importer(815301076,1909f56bfc062723c751e8b465ee728b)  -> (artifact id: '5f26ad38bba7f945cf9d6e8e5903741e') in 0.013188 seconds
Number of updated asset objects reloaded before import = 0
Number of asset objects unloaded after import = 10
========================================================================
Received Import Request.
  Time since last request: 0.000015 seconds.
  path: Assets/BrokenVector/LowPolyDungeon/Models/Clutter/Cauldron_Small_Stand.fbx
  artifactKey: Guid(16a4a317255b8c849a35489a1d7be83c) Importer(815301076,1909f56bfc062723c751e8b465ee728b)
Start importing Assets/BrokenVector/LowPolyDungeon/Models/Clutter/Cauldron_Small_Stand.fbx using Guid(16a4a317255b8c849a35489a1d7be83c) Importer(815301076,1909f56bfc062723c751e8b465ee728b)  -> (artifact id: '2524858b125968e362c1b3485deeb65a') in 0.013666 seconds
Number of updated asset objects reloaded before import = 0
Number of asset objects unloaded after import = 10
========================================================================
Received Import Request.
  Time since last request: 0.000018 seconds.
  path: Assets/BrokenVector/LowPolyDungeon/Models/Clutter/Drinkinghorn.fbx
  artifactKey: Guid(bff0d08e50f52a145bc100bcf4c67b33) Importer(815301076,1909f56bfc062723c751e8b465ee728b)
Start importing Assets/BrokenVector/LowPolyDungeon/Models/Clutter/Drinkinghorn.fbx using Guid(bff0d08e50f52a145bc100bcf4c67b33) Importer(815301076,1909f56bfc062723c751e8b465ee728b)  -> (artifact id: '228c5f4a94dc3be947a4f9edc2a02a17') in 0.013419 seconds
Number of updated asset objects reloaded before import = 0
Number of asset objects unloaded after import = 10
========================================================================
Received Import Request.
  Time since last request: 0.000014 seconds.
  path: Assets/BrokenVector/LowPolyDungeon/Models/Clutter/Flask.fbx
  artifactKey: Guid(9ec750fc4cf747f4fbc15d8898b84ad7) Importer(815301076,1909f56bfc062723c751e8b465ee728b)
Start importing Assets/BrokenVector/LowPolyDungeon/Models/Clutter/Flask.fbx using Guid(9ec750fc4cf747f4fbc15d8898b84ad7) Importer(815301076,1909f56bfc062723c751e8b465ee728b)  -> (artifact id: 'b012675e6c71da2d05e6013595bebe96') in 0.013752 seconds
Number of updated asset objects reloaded before import = 0
Number of asset objects unloaded after import = 10
========================================================================
Received Import Request.
  Time since last request: 0.000014 seconds.
  path: Assets/BrokenVector/LowPolyDungeon/Models/Clutter/Fork.fbx
  artifactKey: Guid(053045d0926c27f46b1a625fbb577e49) Importer(815301076,1909f56bfc062723c751e8b465ee728b)
Start importing Assets/BrokenVector/LowPolyDungeon/Models/Clutter/Fork.fbx using Guid(053045d0926c27f46b1a625fbb577e49) Importer(815301076,1909f56bfc062723c751e8b465ee728b)  -> (artifact id: '0000617e22f29acaba17f596cd3b3e35') in 0.013907 seconds
Number of updated asset objects reloaded before import = 0
Number of asset objects unloaded after import = 12
========================================================================
Received Import Request.
  Time since last request: 0.000020 seconds.
  path: Assets/BrokenVector/LowPolyDungeon/Models/Clutter/Ivy_Leaf.fbx
  artifactKey: Guid(63909009afc9c704591595c2ef356487) Importer(815301076,1909f56bfc062723c751e8b465ee728b)
Start importing Assets/BrokenVector/LowPolyDungeon/Models/Clutter/Ivy_Leaf.fbx using Guid(63909009afc9c704591595c2ef356487) Importer(815301076,1909f56bfc062723c751e8b465ee728b)  -> (artifact id: '150a9f29b7b61ccb55056f069aee0888') in 0.013413 seconds
Number of updated asset objects reloaded before import = 0
Number of asset objects unloaded after import = 10
========================================================================
Received Import Request.
  Time since last request: 0.000015 seconds.
  path: Assets/BrokenVector/LowPolyDungeon/Models/Clutter/Jar_Full.fbx
  artifactKey: Guid(c0469cdae04acd04a848fec5a569effb) Importer(815301076,1909f56bfc062723c751e8b465ee728b)
Start importing Assets/BrokenVector/LowPolyDungeon/Models/Clutter/Jar_Full.fbx using Guid(c0469cdae04acd04a848fec5a569effb) Importer(815301076,1909f56bfc062723c751e8b465ee728b)  -> (artifact id: '436f57292f257b23d6d6fb207a8887c0') in 0.013988 seconds
Number of updated asset objects reloaded before import = 0
Number of asset objects unloaded after import = 11
========================================================================
Received Import Request.
  Time since last request: 0.000020 seconds.
  path: Assets/BrokenVector/LowPolyDungeon/Models/Clutter/Key_Rusty.fbx
  artifactKey: Guid(4009cba106d20f748ab650a274328adc) Importer(815301076,1909f56bfc062723c751e8b465ee728b)
Start importing Assets/BrokenVector/LowPolyDungeon/Models/Clutter/Key_Rusty.fbx using Guid(4009cba106d20f748ab650a274328adc) Importer(815301076,1909f56bfc062723c751e8b465ee728b)  -> (artifact id: '805eef0b6306c339c1cef5ac4a4e90a8') in 0.013863 seconds
Number of updated asset objects reloaded before import = 0
Number of asset objects unloaded after import = 10
========================================================================
Received Import Request.
  Time since last request: 0.000015 seconds.
  path: Assets/BrokenVector/LowPolyDungeon/Models/Clutter/Knife.fbx
  artifactKey: Guid(122018831a92b5f49a92b2094a4062d0) Importer(815301076,1909f56bfc062723c751e8b465ee728b)
Start importing Assets/BrokenVector/LowPolyDungeon/Models/Clutter/Knife.fbx using Guid(122018831a92b5f49a92b2094a4062d0) Importer(815301076,1909f56bfc062723c751e8b465ee728b)  -> (artifact id: '150067d083ead70043f154dce5d7fb18') in 0.015035 seconds
Number of updated asset objects reloaded before import = 0
Number of asset objects unloaded after import = 12
========================================================================
Received Import Request.
  Time since last request: 0.000013 seconds.
  path: Assets/BrokenVector/LowPolyDungeon/Models/Clutter/Mug.fbx
  artifactKey: Guid(882cf729cef5a2e4ab2a057cb8072a5d) Importer(815301076,1909f56bfc062723c751e8b465ee728b)
Start importing Assets/BrokenVector/LowPolyDungeon/Models/Clutter/Mug.fbx using Guid(882cf729cef5a2e4ab2a057cb8072a5d) Importer(815301076,1909f56bfc062723c751e8b465ee728b)  -> (artifact id: '0b4dbd53387545e1ca97ac1778900aac') in 0.014023 seconds
Number of updated asset objects reloaded before import = 0
Number of asset objects unloaded after import = 10
========================================================================
Received Import Request.
  Time since last request: 0.000016 seconds.
  path: Assets/BrokenVector/LowPolyDungeon/Models/Clutter/Plate_Small.fbx
  artifactKey: Guid(69a7edade3532ac41a5500bd7987aaec) Importer(815301076,1909f56bfc062723c751e8b465ee728b)
Start importing Assets/BrokenVector/LowPolyDungeon/Models/Clutter/Plate_Small.fbx using Guid(69a7edade3532ac41a5500bd7987aaec) Importer(815301076,1909f56bfc062723c751e8b465ee728b)  -> (artifact id: 'f9ad449b0ee9d0f6a2c65e53e37828bc') in 0.014210 seconds
Number of updated asset objects reloaded before import = 0
Number of asset objects unloaded after import = 10
========================================================================
Received Import Request.
  Time since last request: 0.000014 seconds.
  path: Assets/BrokenVector/LowPolyDungeon/Models/Clutter/Potion_Red.fbx
  artifactKey: Guid(c6179e854b44e2541a9956947c806de0) Importer(815301076,1909f56bfc062723c751e8b465ee728b)
Start importing Assets/BrokenVector/LowPolyDungeon/Models/Clutter/Potion_Red.fbx using Guid(c6179e854b44e2541a9956947c806de0) Importer(815301076,1909f56bfc062723c751e8b465ee728b)  -> (artifact id: '186f0cbc9c2e23b6f053d12ec60ccfb7') in 0.012908 seconds
Number of updated asset objects reloaded before import = 0
Number of asset objects unloaded after import = 11
========================================================================
Received Import Request.
  Time since last request: 0.000018 seconds.
  path: Assets/BrokenVector/LowPolyDungeon/Models/Clutter/Scales.fbx
  artifactKey: Guid(d148b357b948fda4e90a57588e5662f4) Importer(815301076,1909f56bfc062723c751e8b465ee728b)
Start importing Assets/BrokenVector/LowPolyDungeon/Models/Clutter/Scales.fbx using Guid(d148b357b948fda4e90a57588e5662f4) Importer(815301076,1909f56bfc062723c751e8b465ee728b)  -> (artifact id: 'dc150c34dfebf9a4986dca3487ce4e6b') in 0.014121 seconds
Number of updated asset objects reloaded before import = 0
Number of asset objects unloaded after import = 10
========================================================================
Received Import Request.
  Time since last request: 0.000019 seconds.
  path: Assets/BrokenVector/LowPolyDungeon/Models/Clutter/Scroll_Elder.fbx
  artifactKey: Guid(1cc69bcd5c8feea4493059cb89fd3104) Importer(815301076,1909f56bfc062723c751e8b465ee728b)
Start importing Assets/BrokenVector/LowPolyDungeon/Models/Clutter/Scroll_Elder.fbx using Guid(1cc69bcd5c8feea4493059cb89fd3104) Importer(815301076,1909f56bfc062723c751e8b465ee728b)  -> (artifact id: 'ed71bed7a9a13b17b1c11a7cf8f0d9ff') in 0.013276 seconds
Number of updated asset objects reloaded before import = 0
Number of asset objects unloaded after import = 11
========================================================================
Received Import Request.
  Time since last request: 2.027237 seconds.
  path: Assets/BrokenVector/LowPolyDungeon/Models/Clutter/Shield.fbx
  artifactKey: Guid(4c4e4839eaee70b4b9f3987785cfce57) Importer(815301076,1909f56bfc062723c751e8b465ee728b)
Start importing Assets/BrokenVector/LowPolyDungeon/Models/Clutter/Shield.fbx using Guid(4c4e4839eaee70b4b9f3987785cfce57) Importer(815301076,1909f56bfc062723c751e8b465ee728b)  -> (artifact id: '9fe48da56b03cc695f53eda77c86a7fd') in 0.022075 seconds
Number of updated asset objects reloaded before import = 0
Number of asset objects unloaded after import = 11
========================================================================
Received Import Request.
  Time since last request: 0.000017 seconds.
  path: Assets/BrokenVector/LowPolyDungeon/Models/Clutter/Spear.fbx
  artifactKey: Guid(2924dc40f6141404a89f2e38832b88a3) Importer(815301076,1909f56bfc062723c751e8b465ee728b)
Start importing Assets/BrokenVector/LowPolyDungeon/Models/Clutter/Spear.fbx using Guid(2924dc40f6141404a89f2e38832b88a3) Importer(815301076,1909f56bfc062723c751e8b465ee728b)  -> (artifact id: '7273f72704ae48033f09d9479f4b4738') in 0.018368 seconds
Number of updated asset objects reloaded before import = 0
Number of asset objects unloaded after import = 11
========================================================================
Received Import Request.
  Time since last request: 0.000022 seconds.
  path: Assets/BrokenVector/LowPolyDungeon/Models/Clutter/SwitchSecret_Button.fbx
  artifactKey: Guid(b3ac41660e62c834b85393751870f565) Importer(815301076,1909f56bfc062723c751e8b465ee728b)
Start importing Assets/BrokenVector/LowPolyDungeon/Models/Clutter/SwitchSecret_Button.fbx using Guid(b3ac41660e62c834b85393751870f565) Importer(815301076,1909f56bfc062723c751e8b465ee728b)  -> (artifact id: 'fcfbd5d609b857dc3347e03337d71741') in 0.017241 seconds
Number of updated asset objects reloaded before import = 0
Number of asset objects unloaded after import = 10
========================================================================
Received Import Request.
  Time since last request: 0.000018 seconds.
  path: Assets/BrokenVector/LowPolyDungeon/Models/Clutter/Switch_Base.fbx
  artifactKey: Guid(e8de3c78bf8d07f4db67b03c1597a3e4) Importer(815301076,1909f56bfc062723c751e8b465ee728b)
Start importing Assets/BrokenVector/LowPolyDungeon/Models/Clutter/Switch_Base.fbx using Guid(e8de3c78bf8d07f4db67b03c1597a3e4) Importer(815301076,1909f56bfc062723c751e8b465ee728b)  -> (artifact id: 'fc1ac5f231b314edc7145bfdcb6baad4') in 0.013881 seconds
Number of updated asset objects reloaded before import = 0
Number of asset objects unloaded after import = 10
Editor requested this worker to shutdown with reason: Scaling down because of idle timeout
TcpMessagingSession - receive error: operation aborted. errorcode: 995, details: The I/O operation has been aborted because of either a thread exit or an application request.
AssetImportWorker is now disconnected from the server
Process exiting
Exiting without the bug reporter. Application will terminate with return code 0